<?xml version="1.0" encoding="UTF-8"?>
<testng-results skipped="0" failed="0" ignored="0" total="22" passed="22">
  <reporter-output>
  </reporter-output>
  <suite name="All Test Suite" duration-ms="120660" started-at="2023-03-02T17:48:10 EST" finished-at="2023-03-02T17:50:10 EST">
    <groups>
    </groups>
    <test name="C:/Users/Admin/Desktop/Dotdash" duration-ms="120660" started-at="2023-03-02T17:48:10 EST" finished-at="2023-03-02T17:50:10 EST">
      <class name="org.example.NotificationMessageTest">
        <test-method status="PASS" signature="setUp()[pri:0, instance:org.example.NotificationMessageTest@7a1ebcd8]" name="setUp" is-config="true" duration-ms="2290" started-at="2023-03-02T17:50:07 EST" finished-at="2023-03-02T17:50:09 EST">
          <reporter-output>
          </reporter-output>
        </test-method> <!-- setUp -->
        <test-method status="PASS" signature="NotificationTest()[pri:0, instance:org.example.NotificationMessageTest@7a1ebcd8]" name="NotificationTest" duration-ms="590" started-at="2023-03-02T17:50:09 EST" finished-at="2023-03-02T17:50:10 EST">
          <reporter-output>
          </reporter-output>
        </test-method> <!-- NotificationTest -->
        <test-method status="PASS" signature="EndTest()[pri:0, instance:org.example.NotificationMessageTest@7a1ebcd8]" name="EndTest" is-config="true" duration-ms="878" started-at="2023-03-02T17:50:10 EST" finished-at="2023-03-02T17:50:10 EST">
          <reporter-output>
          </reporter-output>
        </test-method> <!-- EndTest -->
      </class> <!-- org.example.NotificationMessageTest -->
      <class name="org.example.JavaScriptAlertsTest">
        <test-method status="PASS" signature="setUp()[pri:0, instance:org.example.JavaScriptAlertsTest@1877ab81]" name="setUp" is-config="true" duration-ms="2628" started-at="2023-03-02T17:49:26 EST" finished-at="2023-03-02T17:49:29 EST">
          <reporter-output>
          </reporter-output>
        </test-method> <!-- setUp -->
        <test-method status="PASS" signature="JSAlertTest()[pri:0, instance:org.example.JavaScriptAlertsTest@1877ab81]" name="JSAlertTest" duration-ms="295" started-at="2023-03-02T17:49:29 EST" finished-at="2023-03-02T17:49:29 EST">
          <reporter-output>
          </reporter-output>
        </test-method> <!-- JSAlertTest -->
        <test-method status="PASS" signature="EndTest()[pri:0, instance:org.example.JavaScriptAlertsTest@1877ab81]" name="EndTest" is-config="true" duration-ms="765" started-at="2023-03-02T17:49:29 EST" finished-at="2023-03-02T17:49:30 EST">
          <reporter-output>
          </reporter-output>
        </test-method> <!-- EndTest -->
        <test-method status="PASS" signature="setUp()[pri:0, instance:org.example.JavaScriptAlertsTest@1877ab81]" name="setUp" is-config="true" duration-ms="2003" started-at="2023-03-02T17:49:30 EST" finished-at="2023-03-02T17:49:32 EST">
          <reporter-output>
          </reporter-output>
        </test-method> <!-- setUp -->
        <test-method status="PASS" signature="JSConfirmTest()[pri:0, instance:org.example.JavaScriptAlertsTest@1877ab81]" name="JSConfirmTest" duration-ms="275" started-at="2023-03-02T17:49:32 EST" finished-at="2023-03-02T17:49:32 EST">
          <reporter-output>
          </reporter-output>
        </test-method> <!-- JSConfirmTest -->
        <test-method status="PASS" signature="EndTest()[pri:0, instance:org.example.JavaScriptAlertsTest@1877ab81]" name="EndTest" is-config="true" duration-ms="750" started-at="2023-03-02T17:49:32 EST" finished-at="2023-03-02T17:49:33 EST">
          <reporter-output>
          </reporter-output>
        </test-method> <!-- EndTest -->
        <test-method status="PASS" signature="setUp()[pri:0, instance:org.example.JavaScriptAlertsTest@1877ab81]" name="setUp" is-config="true" duration-ms="2869" started-at="2023-03-02T17:49:33 EST" finished-at="2023-03-02T17:49:36 EST">
          <reporter-output>
          </reporter-output>
        </test-method> <!-- setUp -->
        <test-method status="PASS" signature="JSPromptTest()[pri:0, instance:org.example.JavaScriptAlertsTest@1877ab81]" name="JSPromptTest" duration-ms="609" started-at="2023-03-02T17:49:36 EST" finished-at="2023-03-02T17:49:37 EST">
          <reporter-output>
          </reporter-output>
        </test-method> <!-- JSPromptTest -->
        <test-method status="PASS" signature="EndTest()[pri:0, instance:org.example.JavaScriptAlertsTest@1877ab81]" name="EndTest" is-config="true" duration-ms="908" started-at="2023-03-02T17:49:37 EST" finished-at="2023-03-02T17:49:37 EST">
          <reporter-output>
          </reporter-output>
        </test-method> <!-- EndTest -->
      </class> <!-- org.example.JavaScriptAlertsTest -->
      <class name="org.example.CheckBoxTest">
        <test-method status="PASS" signature="setUp()[pri:0, instance:org.example.CheckBoxTest@76707e36]" name="setUp" is-config="true" duration-ms="4734" started-at="2023-03-02T17:48:10 EST" finished-at="2023-03-02T17:48:15 EST">
          <reporter-output>
          </reporter-output>
        </test-method> <!-- setUp -->
        <test-method status="PASS" signature="Check_and_Uncheck_CheckBox1()[pri:0, instance:org.example.CheckBoxTest@76707e36]" name="Check_and_Uncheck_CheckBox1" duration-ms="389" started-at="2023-03-02T17:48:15 EST" finished-at="2023-03-02T17:48:15 EST">
          <reporter-output>
          </reporter-output>
        </test-method> <!-- Check_and_Uncheck_CheckBox1 -->
        <test-method status="PASS" signature="EndTest()[pri:0, instance:org.example.CheckBoxTest@76707e36]" name="EndTest" is-config="true" duration-ms="902" started-at="2023-03-02T17:48:15 EST" finished-at="2023-03-02T17:48:16 EST">
          <reporter-output>
          </reporter-output>
        </test-method> <!-- EndTest -->
        <test-method status="PASS" signature="setUp()[pri:0, instance:org.example.CheckBoxTest@76707e36]" name="setUp" is-config="true" duration-ms="2553" started-at="2023-03-02T17:48:16 EST" finished-at="2023-03-02T17:48:18 EST">
          <reporter-output>
          </reporter-output>
        </test-method> <!-- setUp -->
        <test-method status="PASS" signature="Check_and_Uncheck_CheckBox2()[pri:0, instance:org.example.CheckBoxTest@76707e36]" name="Check_and_Uncheck_CheckBox2" duration-ms="431" started-at="2023-03-02T17:48:18 EST" finished-at="2023-03-02T17:48:19 EST">
          <reporter-output>
          </reporter-output>
        </test-method> <!-- Check_and_Uncheck_CheckBox2 -->
        <test-method status="PASS" signature="EndTest()[pri:0, instance:org.example.CheckBoxTest@76707e36]" name="EndTest" is-config="true" duration-ms="907" started-at="2023-03-02T17:48:19 EST" finished-at="2023-03-02T17:48:20 EST">
          <reporter-output>
          </reporter-output>
        </test-method> <!-- EndTest -->
      </class> <!-- org.example.CheckBoxTest -->
      <class name="org.example.FloatingMenuTest">
        <test-method status="PASS" signature="setUp()[pri:0, instance:org.example.FloatingMenuTest@57e1b0c]" name="setUp" is-config="true" duration-ms="3226" started-at="2023-03-02T17:49:15 EST" finished-at="2023-03-02T17:49:18 EST">
          <reporter-output>
          </reporter-output>
        </test-method> <!-- setUp -->
        <test-method status="PASS" signature="TestFloatingMenu()[pri:0, instance:org.example.FloatingMenuTest@57e1b0c]" name="TestFloatingMenu" duration-ms="573" started-at="2023-03-02T17:49:18 EST" finished-at="2023-03-02T17:49:19 EST">
          <reporter-output>
          </reporter-output>
        </test-method> <!-- TestFloatingMenu -->
        <test-method status="PASS" signature="EndTest()[pri:0, instance:org.example.FloatingMenuTest@57e1b0c]" name="EndTest" is-config="true" duration-ms="843" started-at="2023-03-02T17:49:19 EST" finished-at="2023-03-02T17:49:20 EST">
          <reporter-output>
          </reporter-output>
        </test-method> <!-- EndTest -->
      </class> <!-- org.example.FloatingMenuTest -->
      <class name="org.example.LoginPageTest">
        <test-method status="PASS" signature="setUp()[pri:0, instance:org.example.LoginPageTest@458c1321]" name="setUp" is-config="true" duration-ms="3280" started-at="2023-03-02T17:49:42 EST" finished-at="2023-03-02T17:49:45 EST">
          <reporter-output>
          </reporter-output>
        </test-method> <!-- setUp -->
        <test-method status="PASS" signature="validCredslogintest()[pri:0, instance:org.example.LoginPageTest@458c1321]" name="validCredslogintest" duration-ms="585" started-at="2023-03-02T17:49:45 EST" finished-at="2023-03-02T17:49:46 EST">
          <reporter-output>
          </reporter-output>
        </test-method> <!-- validCredslogintest -->
        <test-method status="PASS" signature="EndTest()[pri:0, instance:org.example.LoginPageTest@458c1321]" name="EndTest" is-config="true" duration-ms="715" started-at="2023-03-02T17:49:46 EST" finished-at="2023-03-02T17:49:46 EST">
          <reporter-output>
          </reporter-output>
        </test-method> <!-- EndTest -->
        <test-method status="PASS" signature="setUp()[pri:0, instance:org.example.LoginPageTest@458c1321]" name="setUp" is-config="true" duration-ms="2262" started-at="2023-03-02T17:49:46 EST" finished-at="2023-03-02T17:49:49 EST">
          <reporter-output>
          </reporter-output>
        </test-method> <!-- setUp -->
        <test-method status="PASS" signature="invalidUsernamelogintest()[pri:0, instance:org.example.LoginPageTest@458c1321]" name="invalidUsernamelogintest" duration-ms="583" started-at="2023-03-02T17:49:49 EST" finished-at="2023-03-02T17:49:49 EST">
          <reporter-output>
          </reporter-output>
        </test-method> <!-- invalidUsernamelogintest -->
        <test-method status="PASS" signature="EndTest()[pri:0, instance:org.example.LoginPageTest@458c1321]" name="EndTest" is-config="true" duration-ms="725" started-at="2023-03-02T17:49:49 EST" finished-at="2023-03-02T17:49:50 EST">
          <reporter-output>
          </reporter-output>
        </test-method> <!-- EndTest -->
        <test-method status="PASS" signature="setUp()[pri:0, instance:org.example.LoginPageTest@458c1321]" name="setUp" is-config="true" duration-ms="2683" started-at="2023-03-02T17:49:50 EST" finished-at="2023-03-02T17:49:53 EST">
          <reporter-output>
          </reporter-output>
        </test-method> <!-- setUp -->
        <test-method status="PASS" signature="invalidPasswordlogintest()[pri:0, instance:org.example.LoginPageTest@458c1321]" name="invalidPasswordlogintest" duration-ms="687" started-at="2023-03-02T17:49:53 EST" finished-at="2023-03-02T17:49:53 EST">
          <reporter-output>
          </reporter-output>
        </test-method> <!-- invalidPasswordlogintest -->
        <test-method status="PASS" signature="EndTest()[pri:0, instance:org.example.LoginPageTest@458c1321]" name="EndTest" is-config="true" duration-ms="739" started-at="2023-03-02T17:49:53 EST" finished-at="2023-03-02T17:49:54 EST">
          <reporter-output>
          </reporter-output>
        </test-method> <!-- EndTest -->
      </class> <!-- org.example.LoginPageTest -->
      <class name="org.example.ContextMenuTest">
        <test-method status="PASS" signature="setUp()[pri:0, instance:org.example.ContextMenuTest@1f57539]" name="setUp" is-config="true" duration-ms="2291" started-at="2023-03-02T17:48:20 EST" finished-at="2023-03-02T17:48:22 EST">
          <reporter-output>
          </reporter-output>
        </test-method> <!-- setUp -->
        <test-method status="PASS" signature="testRightClick()[pri:0, instance:org.example.ContextMenuTest@1f57539]" name="testRightClick" duration-ms="537" started-at="2023-03-02T17:48:22 EST" finished-at="2023-03-02T17:48:23 EST">
          <reporter-output>
          </reporter-output>
        </test-method> <!-- testRightClick -->
        <test-method status="PASS" signature="EndTest()[pri:0, instance:org.example.ContextMenuTest@1f57539]" name="EndTest" is-config="true" duration-ms="869" started-at="2023-03-02T17:48:23 EST" finished-at="2023-03-02T17:48:23 EST">
          <reporter-output>
          </reporter-output>
        </test-method> <!-- EndTest -->
      </class> <!-- org.example.ContextMenuTest -->
      <class name="org.example.MouseHoverTest">
        <test-method status="PASS" signature="setUp()[pri:0, instance:org.example.MouseHoverTest@11438d26]" name="setUp" is-config="true" duration-ms="2827" started-at="2023-03-02T17:49:54 EST" finished-at="2023-03-02T17:49:57 EST">
          <reporter-output>
          </reporter-output>
        </test-method> <!-- setUp -->
        <test-method status="PASS" signature="MouseHoverTest()[pri:0, instance:org.example.MouseHoverTest@11438d26]" name="MouseHoverTest" duration-ms="1075" started-at="2023-03-02T17:49:57 EST" finished-at="2023-03-02T17:49:58 EST">
          <reporter-output>
          </reporter-output>
        </test-method> <!-- MouseHoverTest -->
        <test-method status="PASS" signature="EndTest()[pri:0, instance:org.example.MouseHoverTest@11438d26]" name="EndTest" is-config="true" duration-ms="828" started-at="2023-03-02T17:49:58 EST" finished-at="2023-03-02T17:49:59 EST">
          <reporter-output>
          </reporter-output>
        </test-method> <!-- EndTest -->
      </class> <!-- org.example.MouseHoverTest -->
      <class name="org.example.FileDownloadTest">
        <test-method status="PASS" signature="setUp()[pri:0, instance:org.example.FileDownloadTest@2781e022]" name="setUp" is-config="true" duration-ms="2716" started-at="2023-03-02T17:49:11 EST" finished-at="2023-03-02T17:49:14 EST">
          <reporter-output>
          </reporter-output>
        </test-method> <!-- setUp -->
        <test-method status="PASS" signature="FileDownloadTest()[pri:0, instance:org.example.FileDownloadTest@2781e022]" name="FileDownloadTest" duration-ms="375" started-at="2023-03-02T17:49:14 EST" finished-at="2023-03-02T17:49:14 EST">
          <reporter-output>
          </reporter-output>
        </test-method> <!-- FileDownloadTest -->
        <test-method status="PASS" signature="EndTest()[pri:0, instance:org.example.FileDownloadTest@2781e022]" name="EndTest" is-config="true" duration-ms="861" started-at="2023-03-02T17:49:14 EST" finished-at="2023-03-02T17:49:15 EST">
          <reporter-output>
          </reporter-output>
        </test-method> <!-- EndTest -->
      </class> <!-- org.example.FileDownloadTest -->
      <class name="org.example.IFrameTest">
        <test-method status="PASS" signature="setUp()[pri:0, instance:org.example.IFrameTest@4232c52b]" name="setUp" is-config="true" duration-ms="3696" started-at="2023-03-02T17:49:20 EST" finished-at="2023-03-02T17:49:24 EST">
          <reporter-output>
          </reporter-output>
        </test-method> <!-- setUp -->
        <test-method status="PASS" signature="IFrameTest()[pri:0, instance:org.example.IFrameTest@4232c52b]" name="IFrameTest" duration-ms="1962" started-at="2023-03-02T17:49:24 EST" finished-at="2023-03-02T17:49:26 EST">
          <reporter-output>
          </reporter-output>
        </test-method> <!-- IFrameTest -->
        <test-method status="PASS" signature="EndTest()[pri:0, instance:org.example.IFrameTest@4232c52b]" name="EndTest" is-config="true" duration-ms="829" started-at="2023-03-02T17:49:26 EST" finished-at="2023-03-02T17:49:26 EST">
          <reporter-output>
          </reporter-output>
        </test-method> <!-- EndTest -->
      </class> <!-- org.example.IFrameTest -->
      <class name="org.example.DropDownTest">
        <test-method status="PASS" signature="setUp()[pri:0, instance:org.example.DropDownTest@76f2b07d]" name="setUp" is-config="true" duration-ms="2369" started-at="2023-03-02T17:48:23 EST" finished-at="2023-03-02T17:48:26 EST">
          <reporter-output>
          </reporter-output>
        </test-method> <!-- setUp -->
        <test-method status="PASS" signature="Option1Test()[pri:0, instance:org.example.DropDownTest@76f2b07d]" name="Option1Test" duration-ms="552" started-at="2023-03-02T17:48:26 EST" finished-at="2023-03-02T17:48:26 EST">
          <reporter-output>
          </reporter-output>
        </test-method> <!-- Option1Test -->
        <test-method status="PASS" signature="EndTest()[pri:0, instance:org.example.DropDownTest@76f2b07d]" name="EndTest" is-config="true" duration-ms="809" started-at="2023-03-02T17:48:26 EST" finished-at="2023-03-02T17:48:27 EST">
          <reporter-output>
          </reporter-output>
        </test-method> <!-- EndTest -->
        <test-method status="PASS" signature="setUp()[pri:0, instance:org.example.DropDownTest@76f2b07d]" name="setUp" is-config="true" duration-ms="3004" started-at="2023-03-02T17:48:27 EST" finished-at="2023-03-02T17:48:30 EST">
          <reporter-output>
          </reporter-output>
        </test-method> <!-- setUp -->
        <test-method status="PASS" signature="Option2Test()[pri:0, instance:org.example.DropDownTest@76f2b07d]" name="Option2Test" duration-ms="666" started-at="2023-03-02T17:48:30 EST" finished-at="2023-03-02T17:48:31 EST">
          <reporter-output>
          </reporter-output>
        </test-method> <!-- Option2Test -->
        <test-method status="PASS" signature="EndTest()[pri:0, instance:org.example.DropDownTest@76f2b07d]" name="EndTest" is-config="true" duration-ms="950" started-at="2023-03-02T17:48:31 EST" finished-at="2023-03-02T17:48:32 EST">
          <reporter-output>
          </reporter-output>
        </test-method> <!-- EndTest -->
      </class> <!-- org.example.DropDownTest -->
      <class name="org.example.JavaScriptErrorTest">
        <test-method status="PASS" signature="setUp()[pri:0, instance:org.example.JavaScriptErrorTest@305fd85d]" name="setUp" is-config="true" duration-ms="3124" started-at="2023-03-02T17:49:37 EST" finished-at="2023-03-02T17:49:41 EST">
          <reporter-output>
          </reporter-output>
        </test-method> <!-- setUp -->
        <test-method status="PASS" signature="JSErrorTest()[pri:0, instance:org.example.JavaScriptErrorTest@305fd85d]" name="JSErrorTest" duration-ms="247" started-at="2023-03-02T17:49:41 EST" finished-at="2023-03-02T17:49:41 EST">
          <reporter-output>
          </reporter-output>
        </test-method> <!-- JSErrorTest -->
        <test-method status="PASS" signature="EndTest()[pri:0, instance:org.example.JavaScriptErrorTest@305fd85d]" name="EndTest" is-config="true" duration-ms="1004" started-at="2023-03-02T17:49:41 EST" finished-at="2023-03-02T17:49:42 EST">
          <reporter-output>
          </reporter-output>
        </test-method> <!-- EndTest -->
      </class> <!-- org.example.JavaScriptErrorTest -->
      <class name="org.example.NewWindowTest">
        <test-method status="PASS" signature="setUp()[pri:0, instance:org.example.NewWindowTest@34cd072c]" name="setUp" is-config="true" duration-ms="4153" started-at="2023-03-02T17:49:59 EST" finished-at="2023-03-02T17:50:03 EST">
          <reporter-output>
          </reporter-output>
        </test-method> <!-- setUp -->
        <test-method status="PASS" signature="NewWindowTest()[pri:0, instance:org.example.NewWindowTest@34cd072c]" name="NewWindowTest" duration-ms="945" started-at="2023-03-02T17:50:03 EST" finished-at="2023-03-02T17:50:04 EST">
          <reporter-output>
          </reporter-output>
        </test-method> <!-- NewWindowTest -->
        <test-method status="PASS" signature="EndTest()[pri:0, instance:org.example.NewWindowTest@34cd072c]" name="EndTest" is-config="true" duration-ms="2743" started-at="2023-03-02T17:50:04 EST" finished-at="2023-03-02T17:50:07 EST">
          <reporter-output>
          </reporter-output>
        </test-method> <!-- EndTest -->
      </class> <!-- org.example.NewWindowTest -->
      <class name="org.example.DynamicLoadingTest">
        <test-method status="PASS" signature="setUp()[pri:0, instance:org.example.DynamicLoadingTest@4493d195]" name="setUp" is-config="true" duration-ms="4337" started-at="2023-03-02T17:49:00 EST" finished-at="2023-03-02T17:49:04 EST">
          <reporter-output>
          </reporter-output>
        </test-method> <!-- setUp -->
        <test-method status="PASS" signature="DynamicLoadingTest()[pri:0, instance:org.example.DynamicLoadingTest@4493d195]" name="DynamicLoadingTest" duration-ms="6114" started-at="2023-03-02T17:49:04 EST" finished-at="2023-03-02T17:49:10 EST">
          <reporter-output>
          </reporter-output>
        </test-method> <!-- DynamicLoadingTest -->
        <test-method status="PASS" signature="EndTest()[pri:0, instance:org.example.DynamicLoadingTest@4493d195]" name="EndTest" is-config="true" duration-ms="1045" started-at="2023-03-02T17:49:10 EST" finished-at="2023-03-02T17:49:11 EST">
          <reporter-output>
          </reporter-output>
        </test-method> <!-- EndTest -->
      </class> <!-- org.example.DynamicLoadingTest -->
      <class name="org.example.DynamicContentTest">
        <test-method status="PASS" signature="setUp()[pri:0, instance:org.example.DynamicContentTest@704a52ec]" name="setUp" is-config="true" duration-ms="3071" started-at="2023-03-02T17:48:32 EST" finished-at="2023-03-02T17:48:35 EST">
          <reporter-output>
          </reporter-output>
        </test-method> <!-- setUp -->
        <test-method status="PASS" signature="DynamicContentTests()[pri:0, instance:org.example.DynamicContentTest@704a52ec]" name="DynamicContentTests" duration-ms="853" started-at="2023-03-02T17:48:35 EST" finished-at="2023-03-02T17:48:36 EST">
          <reporter-output>
          </reporter-output>
        </test-method> <!-- DynamicContentTests -->
        <test-method status="PASS" signature="EndTest()[pri:0, instance:org.example.DynamicContentTest@704a52ec]" name="EndTest" is-config="true" duration-ms="865" started-at="2023-03-02T17:48:36 EST" finished-at="2023-03-02T17:48:37 EST">
          <reporter-output>
          </reporter-output>
        </test-method> <!-- EndTest -->
      </class> <!-- org.example.DynamicContentTest -->
      <class name="org.example.DynamicControlsTest">
        <test-method status="PASS" signature="setUp()[pri:0, instance:org.example.DynamicControlsTest@6ee52dcd]" name="setUp" is-config="true" duration-ms="3130" started-at="2023-03-02T17:48:37 EST" finished-at="2023-03-02T17:48:40 EST">
          <reporter-output>
          </reporter-output>
        </test-method> <!-- setUp -->
        <test-method status="PASS" signature="testToAddOrRemoveButton()[pri:0, instance:org.example.DynamicControlsTest@6ee52dcd]" name="testToAddOrRemoveButton" duration-ms="7495" started-at="2023-03-02T17:48:40 EST" finished-at="2023-03-02T17:48:47 EST">
          <reporter-output>
          </reporter-output>
        </test-method> <!-- testToAddOrRemoveButton -->
        <test-method status="PASS" signature="EndTest()[pri:0, instance:org.example.DynamicControlsTest@6ee52dcd]" name="EndTest" is-config="true" duration-ms="732" started-at="2023-03-02T17:48:47 EST" finished-at="2023-03-02T17:48:48 EST">
          <reporter-output>
          </reporter-output>
        </test-method> <!-- EndTest -->
        <test-method status="PASS" signature="setUp()[pri:0, instance:org.example.DynamicControlsTest@6ee52dcd]" name="setUp" is-config="true" duration-ms="3536" started-at="2023-03-02T17:48:48 EST" finished-at="2023-03-02T17:48:51 EST">
          <reporter-output>
          </reporter-output>
        </test-method> <!-- setUp -->
        <test-method status="PASS" signature="testToEnableOrDisableButton()[pri:0, instance:org.example.DynamicControlsTest@6ee52dcd]" name="testToEnableOrDisableButton" duration-ms="7570" started-at="2023-03-02T17:48:51 EST" finished-at="2023-03-02T17:48:59 EST">
          <reporter-output>
          </reporter-output>
        </test-method> <!-- testToEnableOrDisableButton -->
        <test-method status="PASS" signature="EndTest()[pri:0, instance:org.example.DynamicControlsTest@6ee52dcd]" name="EndTest" is-config="true" duration-ms="744" started-at="2023-03-02T17:48:59 EST" finished-at="2023-03-02T17:49:00 EST">
          <reporter-output>
          </reporter-output>
        </test-method> <!-- EndTest -->
      </class> <!-- org.example.DynamicControlsTest -->
    </test> <!-- C:/Users/Admin/Desktop/Dotdash -->
  </suite> <!-- All Test Suite -->
</testng-results>
